{"C:\\Users\\Arza\\Documents\\sandboxes\\react-ts\\src\\components\\Users.tsx": {"path":"C:\\Users\\Arza\\Documents\\sandboxes\\react-ts\\src\\components\\Users.tsx","all":false,"statementMap":{"0":{"start":{"line":1,"column":0},"end":{"line":1,"column":44}},"10":{"start":{"line":11,"column":0},"end":{"line":11,"column":21}},"11":{"start":{"line":12,"column":0},"end":{"line":12,"column":58}},"12":{"start":{"line":13,"column":0},"end":{"line":13,"column":61}},"13":{"start":{"line":14,"column":0},"end":{"line":14,"column":50}},"18":{"start":{"line":19,"column":0},"end":{"line":19,"column":36}},"19":{"start":{"line":20,"column":0},"end":{"line":20,"column":25}},"21":{"start":{"line":22,"column":0},"end":{"line":22,"column":13}},"22":{"start":{"line":23,"column":0},"end":{"line":23,"column":87}},"23":{"start":{"line":24,"column":0},"end":{"line":24,"column":49}},"25":{"start":{"line":26,"column":0},"end":{"line":26,"column":28}},"26":{"start":{"line":27,"column":0},"end":{"line":27,"column":27}},"27":{"start":{"line":28,"column":0},"end":{"line":28,"column":25}},"28":{"start":{"line":29,"column":0},"end":{"line":29,"column":26}},"29":{"start":{"line":30,"column":0},"end":{"line":30,"column":28}},"30":{"start":{"line":31,"column":0},"end":{"line":31,"column":19}},"31":{"start":{"line":32,"column":0},"end":{"line":32,"column":30}},"32":{"start":{"line":33,"column":0},"end":{"line":33,"column":9}},"33":{"start":{"line":34,"column":0},"end":{"line":34,"column":6}},"35":{"start":{"line":36,"column":0},"end":{"line":36,"column":21}},"36":{"start":{"line":37,"column":0},"end":{"line":37,"column":21}},"37":{"start":{"line":38,"column":0},"end":{"line":38,"column":11}},"39":{"start":{"line":40,"column":0},"end":{"line":40,"column":18}},"40":{"start":{"line":41,"column":0},"end":{"line":41,"column":59}},"41":{"start":{"line":42,"column":0},"end":{"line":42,"column":5}},"43":{"start":{"line":44,"column":0},"end":{"line":44,"column":16}},"44":{"start":{"line":45,"column":0},"end":{"line":45,"column":75}},"45":{"start":{"line":46,"column":0},"end":{"line":46,"column":5}},"47":{"start":{"line":48,"column":0},"end":{"line":48,"column":12}},"48":{"start":{"line":49,"column":0},"end":{"line":49,"column":32}},"49":{"start":{"line":50,"column":0},"end":{"line":50,"column":34}},"50":{"start":{"line":51,"column":0},"end":{"line":51,"column":19}},"51":{"start":{"line":52,"column":0},"end":{"line":52,"column":38}},"52":{"start":{"line":53,"column":0},"end":{"line":53,"column":33}},"54":{"start":{"line":55,"column":0},"end":{"line":55,"column":31}},"55":{"start":{"line":56,"column":0},"end":{"line":56,"column":21}},"56":{"start":{"line":57,"column":0},"end":{"line":57,"column":15}},"57":{"start":{"line":58,"column":0},"end":{"line":58,"column":13}},"59":{"start":{"line":60,"column":0},"end":{"line":60,"column":2}},"61":{"start":{"line":62,"column":0},"end":{"line":62,"column":21}}},"s":{"0":1,"10":1,"11":8,"12":8,"13":8,"18":8,"19":3,"21":3,"22":3,"23":3,"25":2,"26":2,"27":3,"28":1,"29":1,"30":3,"31":3,"32":3,"33":3,"35":8,"36":3,"37":8,"39":8,"40":3,"41":3,"43":8,"44":1,"45":1,"47":4,"48":4,"49":8,"50":2,"51":2,"52":2,"54":2,"55":2,"56":8,"57":8,"59":8,"61":1},"branchMap":{"0":{"type":"branch","line":11,"loc":{"start":{"line":11,"column":14},"end":{"line":60,"column":2}},"locations":[{"start":{"line":11,"column":14},"end":{"line":60,"column":2}}]},"1":{"type":"branch","line":40,"loc":{"start":{"line":40,"column":17},"end":{"line":42,"column":5}},"locations":[{"start":{"line":40,"column":17},"end":{"line":42,"column":5}}]},"2":{"type":"branch","line":42,"loc":{"start":{"line":42,"column":4},"end":{"line":44,"column":15}},"locations":[{"start":{"line":42,"column":4},"end":{"line":44,"column":15}}]},"3":{"type":"branch","line":44,"loc":{"start":{"line":44,"column":15},"end":{"line":46,"column":5}},"locations":[{"start":{"line":44,"column":15},"end":{"line":46,"column":5}}]},"4":{"type":"branch","line":46,"loc":{"start":{"line":46,"column":4},"end":{"line":50,"column":19}},"locations":[{"start":{"line":46,"column":4},"end":{"line":50,"column":19}}]},"5":{"type":"branch","line":50,"loc":{"start":{"line":50,"column":13},"end":{"line":50,"column":23}},"locations":[{"start":{"line":50,"column":13},"end":{"line":50,"column":23}}]},"6":{"type":"branch","line":19,"loc":{"start":{"line":19,"column":23},"end":{"line":34,"column":6}},"locations":[{"start":{"line":19,"column":23},"end":{"line":34,"column":6}}]},"7":{"type":"branch","line":24,"loc":{"start":{"line":24,"column":47},"end":{"line":28,"column":17}},"locations":[{"start":{"line":24,"column":47},"end":{"line":28,"column":17}}]},"8":{"type":"branch","line":28,"loc":{"start":{"line":28,"column":8},"end":{"line":31,"column":10}},"locations":[{"start":{"line":28,"column":8},"end":{"line":31,"column":10}}]},"9":{"type":"branch","line":36,"loc":{"start":{"line":36,"column":14},"end":{"line":38,"column":7}},"locations":[{"start":{"line":36,"column":14},"end":{"line":38,"column":7}}]},"10":{"type":"branch","line":50,"loc":{"start":{"line":50,"column":23},"end":{"line":56,"column":21}},"locations":[{"start":{"line":50,"column":23},"end":{"line":56,"column":21}}]}},"b":{"0":[8],"1":[3],"2":[5],"3":[1],"4":[4],"5":[1],"6":[3],"7":[2],"8":[1],"9":[3],"10":[2]},"fnMap":{"0":{"name":"Users","decl":{"start":{"line":11,"column":14},"end":{"line":60,"column":2}},"loc":{"start":{"line":11,"column":14},"end":{"line":60,"column":2}},"line":11},"1":{"name":"fetchUsers","decl":{"start":{"line":19,"column":23},"end":{"line":34,"column":6}},"loc":{"start":{"line":19,"column":23},"end":{"line":34,"column":6}},"line":19}},"f":{"0":8,"1":3}}
,"C:\\Users\\Arza\\Documents\\sandboxes\\react-ts\\src\\tests\\mocks\\handlers.ts": {"path":"C:\\Users\\Arza\\Documents\\sandboxes\\react-ts\\src\\tests\\mocks\\handlers.ts","all":false,"statementMap":{"0":{"start":{"line":1,"column":0},"end":{"line":1,"column":41}},"2":{"start":{"line":3,"column":0},"end":{"line":3,"column":30}},"3":{"start":{"line":4,"column":0},"end":{"line":4,"column":66}},"4":{"start":{"line":5,"column":0},"end":{"line":5,"column":34}},"5":{"start":{"line":6,"column":0},"end":{"line":6,"column":13}},"6":{"start":{"line":7,"column":0},"end":{"line":7,"column":22}},"7":{"start":{"line":8,"column":0},"end":{"line":8,"column":29}},"8":{"start":{"line":9,"column":0},"end":{"line":9,"column":14}},"9":{"start":{"line":10,"column":0},"end":{"line":10,"column":13}},"10":{"start":{"line":11,"column":0},"end":{"line":11,"column":22}},"11":{"start":{"line":12,"column":0},"end":{"line":12,"column":31}},"12":{"start":{"line":13,"column":0},"end":{"line":13,"column":14}},"13":{"start":{"line":14,"column":0},"end":{"line":14,"column":11}},"14":{"start":{"line":15,"column":0},"end":{"line":15,"column":7}},"15":{"start":{"line":16,"column":0},"end":{"line":16,"column":2}}},"s":{"0":1,"2":1,"3":1,"4":2,"5":2,"6":2,"7":2,"8":2,"9":2,"10":2,"11":2,"12":2,"13":2,"14":1,"15":1},"branchMap":{"0":{"type":"branch","line":4,"loc":{"start":{"line":4,"column":59},"end":{"line":15,"column":5}},"locations":[{"start":{"line":4,"column":59},"end":{"line":15,"column":5}}]}},"b":{"0":[2]},"fnMap":{},"f":{}}
,"C:\\Users\\Arza\\Documents\\sandboxes\\react-ts\\src\\tests\\mocks\\node.ts": {"path":"C:\\Users\\Arza\\Documents\\sandboxes\\react-ts\\src\\tests\\mocks\\node.ts","all":false,"statementMap":{"0":{"start":{"line":1,"column":0},"end":{"line":1,"column":39}},"1":{"start":{"line":2,"column":0},"end":{"line":2,"column":38}},"3":{"start":{"line":4,"column":0},"end":{"line":4,"column":47}}},"s":{"0":1,"1":1,"3":1},"branchMap":{},"b":{},"fnMap":{},"f":{}}
}
